Arguments: 
  /usr/local/bin/node /usr/local/bin/yarn add express jade socket

PATH: 
  /usr/local/bin:/usr/bin:/bin:/usr/sbin:/sbin

Yarn version: 
  0.16.1

Node version: 
  4.5.0

Platform: 
  darwin x64

npm manifest: 
  {
    "name": "swiggy",
    "version": "q.0.0",
    "description": "facebook comment post",
    "main": "app.js",
    "author": "Nawaz",
    "license": "MIT"
  }

yarn manifest: 
  No manifest

bower manifest: 
  No manifest

Lockfile: 
  No lockfile

Trace: 
  Error: getaddrinfo ENOTFOUND registry.yarnpkg.com registry.yarnpkg.com:443
      at errnoException (dns.js:27:10)
      at GetAddrInfoReqWrap.onlookup [as oncomplete] (dns.js:78:26)
